This file contains any messages produced by compilers while
running configure, to aid debugging if configure makes a mistake.

It was created by tair configure 2.3, which was
generated by GNU Autoconf 2.67.  Invocation command line was

  $ ./configure 

## --------- ##
## Platform. ##
## --------- ##

hostname = ubuntu
uname -m = i686
uname -r = 2.6.38-8-generic
uname -s = Linux
uname -v = #42-Ubuntu SMP Mon Apr 11 03:31:50 UTC 2011

/usr/bin/uname -p = unknown
/bin/uname -X     = unknown

/bin/arch              = unknown
/usr/bin/arch -k       = unknown
/usr/convex/getsysinfo = unknown
/usr/bin/hostinfo      = unknown
/bin/machine           = unknown
/usr/bin/oslevel       = unknown
/bin/universe          = unknown

PATH: /home/brian/bin
PATH: /usr/local/apache-maven/apache-maven-2.2.1/bin
PATH: /usr/local/sbin
PATH: /usr/local/bin
PATH: /usr/sbin
PATH: /usr/bin
PATH: /sbin
PATH: /bin
PATH: /usr/games
PATH: /usr/lib/jvm/java-6-openjdk/bin


## ----------- ##
## Core tests. ##
## ----------- ##

configure:2418: checking for a BSD-compatible install
configure:2486: result: /usr/bin/install -c
configure:2497: checking whether build environment is sane
configure:2547: result: yes
configure:2688: checking for a thread-safe mkdir -p
configure:2727: result: /bin/mkdir -p
configure:2740: checking for gawk
configure:2770: result: no
configure:2740: checking for mawk
configure:2756: found /usr/bin/mawk
configure:2767: result: mawk
configure:2778: checking whether make sets $(MAKE)
configure:2800: result: yes
configure:2970: checking for g++
configure:2986: found /usr/bin/g++
configure:2997: result: g++
configure:3024: checking for C++ compiler version
configure:3033: g++ --version >&5
g++ (Ubuntu/Linaro 4.5.2-8ubuntu4) 4.5.2
Copyright (C) 2010 Free Software Foundation, Inc.
This is free software; see the source for copying conditions.  There is NO
warranty; not even for MERCHANTABILITY or FITNESS FOR A PARTICULAR PURPOSE.

configure:3044: $? = 0
configure:3033: g++ -v >&5
Using built-in specs.
COLLECT_GCC=g++
COLLECT_LTO_WRAPPER=/usr/lib/i386-linux-gnu/gcc/i686-linux-gnu/4.5.2/lto-wrapper
Target: i686-linux-gnu
Configured with: ../src/configure -v --with-pkgversion='Ubuntu/Linaro 4.5.2-8ubuntu4' --with-bugurl=file:///usr/share/doc/gcc-4.5/README.Bugs --enable-languages=c,c++,fortran,objc,obj-c++ --prefix=/usr --program-suffix=-4.5 --enable-shared --enable-multiarch --with-multiarch-defaults=i386-linux-gnu --enable-linker-build-id --with-system-zlib --libexecdir=/usr/lib/i386-linux-gnu --without-included-gettext --enable-threads=posix --with-gxx-include-dir=/usr/include/c++/4.5 --libdir=/usr/lib/i386-linux-gnu --enable-nls --with-sysroot=/ --enable-clocale=gnu --enable-libstdcxx-debug --enable-libstdcxx-time=yes --enable-plugin --enable-gold --enable-ld=default --with-plugin-ld=ld.gold --enable-objc-gc --enable-targets=all --disable-werror --with-arch-32=i686 --with-tune=generic --enable-checking=release --build=i686-linux-gnu --host=i686-linux-gnu --target=i686-linux-gnu
Thread model: posix
gcc version 4.5.2 (Ubuntu/Linaro 4.5.2-8ubuntu4) 
configure:3044: $? = 0
configure:3033: g++ -V >&5
g++: '-V' option must have argument
configure:3044: $? = 1
configure:3033: g++ -qversion >&5
g++: unrecognized option '-qversion'
g++: no input files
configure:3044: $? = 1
configure:3064: checking whether the C++ compiler works
configure:3086: g++ -g -Wall -DBOOST_SPIRIT_THREADSAFE -D__USE_LARGEFILE64 -D_FILE_OFFSET_BITS=64 -D_LARGE_FILE  -D_LARGEFILE_SOURCE -D_LARGEFILE64_SOURCE -DTAIR_DEBUG   conftest.cpp  >&5
configure:3090: $? = 0
configure:3138: result: yes
configure:3141: checking for C++ compiler default output file name
configure:3143: result: a.out
configure:3149: checking for suffix of executables
configure:3156: g++ -o conftest -g -Wall -DBOOST_SPIRIT_THREADSAFE -D__USE_LARGEFILE64 -D_FILE_OFFSET_BITS=64 -D_LARGE_FILE  -D_LARGEFILE_SOURCE -D_LARGEFILE64_SOURCE -DTAIR_DEBUG   conftest.cpp  >&5
configure:3160: $? = 0
configure:3182: result: 
configure:3204: checking whether we are cross compiling
configure:3212: g++ -o conftest -g -Wall -DBOOST_SPIRIT_THREADSAFE -D__USE_LARGEFILE64 -D_FILE_OFFSET_BITS=64 -D_LARGE_FILE  -D_LARGEFILE_SOURCE -D_LARGEFILE64_SOURCE -DTAIR_DEBUG   conftest.cpp  >&5
configure:3216: $? = 0
configure:3223: ./conftest
configure:3227: $? = 0
configure:3242: result: no
configure:3247: checking for suffix of object files
configure:3269: g++ -c -g -Wall -DBOOST_SPIRIT_THREADSAFE -D__USE_LARGEFILE64 -D_FILE_OFFSET_BITS=64 -D_LARGE_FILE  -D_LARGEFILE_SOURCE -D_LARGEFILE64_SOURCE -DTAIR_DEBUG  conftest.cpp >&5
configure:3273: $? = 0
configure:3294: result: o
configure:3298: checking whether we are using the GNU C++ compiler
configure:3317: g++ -c -g -Wall -DBOOST_SPIRIT_THREADSAFE -D__USE_LARGEFILE64 -D_FILE_OFFSET_BITS=64 -D_LARGE_FILE  -D_LARGEFILE_SOURCE -D_LARGEFILE64_SOURCE -DTAIR_DEBUG  conftest.cpp >&5
configure:3317: $? = 0
configure:3326: result: yes
configure:3335: checking whether g++ accepts -g
configure:3355: g++ -c -g  conftest.cpp >&5
configure:3355: $? = 0
configure:3396: result: yes
configure:3430: checking for style of include used by make
configure:3458: result: GNU
configure:3483: checking dependency style of g++
configure:3593: result: gcc3
configure:3643: checking build system type
configure:3657: result: i686-pc-linux-gnu
configure:3677: checking host system type
configure:3690: result: i686-pc-linux-gnu
configure:3758: checking for gcc
configure:3774: found /usr/bin/gcc
configure:3785: result: gcc
configure:4014: checking for C compiler version
configure:4023: gcc --version >&5
gcc (Ubuntu/Linaro 4.5.2-8ubuntu4) 4.5.2
Copyright (C) 2010 Free Software Foundation, Inc.
This is free software; see the source for copying conditions.  There is NO
warranty; not even for MERCHANTABILITY or FITNESS FOR A PARTICULAR PURPOSE.

configure:4034: $? = 0
configure:4023: gcc -v >&5
Using built-in specs.
COLLECT_GCC=gcc
COLLECT_LTO_WRAPPER=/usr/lib/i386-linux-gnu/gcc/i686-linux-gnu/4.5.2/lto-wrapper
Target: i686-linux-gnu
Configured with: ../src/configure -v --with-pkgversion='Ubuntu/Linaro 4.5.2-8ubuntu4' --with-bugurl=file:///usr/share/doc/gcc-4.5/README.Bugs --enable-languages=c,c++,fortran,objc,obj-c++ --prefix=/usr --program-suffix=-4.5 --enable-shared --enable-multiarch --with-multiarch-defaults=i386-linux-gnu --enable-linker-build-id --with-system-zlib --libexecdir=/usr/lib/i386-linux-gnu --without-included-gettext --enable-threads=posix --with-gxx-include-dir=/usr/include/c++/4.5 --libdir=/usr/lib/i386-linux-gnu --enable-nls --with-sysroot=/ --enable-clocale=gnu --enable-libstdcxx-debug --enable-libstdcxx-time=yes --enable-plugin --enable-gold --enable-ld=default --with-plugin-ld=ld.gold --enable-objc-gc --enable-targets=all --disable-werror --with-arch-32=i686 --with-tune=generic --enable-checking=release --build=i686-linux-gnu --host=i686-linux-gnu --target=i686-linux-gnu
Thread model: posix
gcc version 4.5.2 (Ubuntu/Linaro 4.5.2-8ubuntu4) 
configure:4034: $? = 0
configure:4023: gcc -V >&5
gcc: '-V' option must have argument
configure:4034: $? = 1
configure:4023: gcc -qversion >&5
gcc: unrecognized option '-qversion'
gcc: no input files
configure:4034: $? = 1
configure:4038: checking whether we are using the GNU C compiler
configure:4057: gcc -c   conftest.c >&5
configure:4057: $? = 0
configure:4066: result: yes
configure:4075: checking whether gcc accepts -g
configure:4095: gcc -c -g  conftest.c >&5
configure:4095: $? = 0
configure:4136: result: yes
configure:4153: checking for gcc option to accept ISO C89
configure:4217: gcc  -c -g -O2  conftest.c >&5
configure:4217: $? = 0
configure:4230: result: none needed
configure:4252: checking dependency style of gcc
configure:4362: result: gcc3
configure:4377: checking for a sed that does not truncate output
configure:4441: result: /bin/sed
configure:4459: checking for grep that handles long lines and -e
configure:4517: result: /bin/grep
configure:4522: checking for egrep
configure:4584: result: /bin/grep -E
configure:4589: checking for fgrep
configure:4651: result: /bin/grep -F
configure:4686: checking for ld used by gcc
configure:4753: result: /usr/bin/ld
configure:4760: checking if the linker (/usr/bin/ld) is GNU ld
configure:4775: result: yes
configure:4787: checking for BSD- or MS-compatible name lister (nm)
configure:4836: result: /usr/bin/nm -B
configure:4954: checking the name lister (/usr/bin/nm -B) interface
configure:4961: g++ -c -g -Wall -DBOOST_SPIRIT_THREADSAFE -D__USE_LARGEFILE64 -D_FILE_OFFSET_BITS=64 -D_LARGE_FILE  -D_LARGEFILE_SOURCE -D_LARGEFILE64_SOURCE -DTAIR_DEBUG  conftest.cpp >&5
configure:4964: /usr/bin/nm -B "conftest.o"
configure:4967: output
00000000 B some_variable
configure:4974: result: BSD nm
configure:4977: checking whether ln -s works
configure:4981: result: yes
configure:4989: checking the maximum length of command line arguments
configure:5109: result: 1572864
configure:5126: checking whether the shell understands some XSI constructs
configure:5136: result: yes
configure:5140: checking whether the shell understands "+="
configure:5146: result: yes
configure:5181: checking for /usr/bin/ld option to reload object files
configure:5188: result: -r
configure:5257: checking for objdump
configure:5273: found /usr/bin/objdump
configure:5284: result: objdump
configure:5316: checking how to recognize dependent libraries
configure:5512: result: pass_all
configure:5572: checking for ar
configure:5588: found /usr/bin/ar
configure:5599: result: ar
configure:5677: checking for strip
configure:5693: found /usr/bin/strip
configure:5704: result: strip
configure:5776: checking for ranlib
configure:5792: found /usr/bin/ranlib
configure:5803: result: ranlib
configure:5893: checking command to parse /usr/bin/nm -B output from gcc object
configure:6011: g++ -c -g -Wall -DBOOST_SPIRIT_THREADSAFE -D__USE_LARGEFILE64 -D_FILE_OFFSET_BITS=64 -D_LARGE_FILE  -D_LARGEFILE_SOURCE -D_LARGEFILE64_SOURCE -DTAIR_DEBUG  conftest.cpp >&5
configure:6014: $? = 0
configure:6018: /usr/bin/nm -B conftest.o \| sed -n -e 's/^.*[	 ]\([ABCDGIRSTW][ABCDGIRSTW]*\)[	 ][	 ]*\([_A-Za-z][_A-Za-z0-9]*\)$/\1 \2 \2/p' \> conftest.nm
configure:6021: $? = 0
configure:6075: g++ -o conftest -g -Wall -DBOOST_SPIRIT_THREADSAFE -D__USE_LARGEFILE64 -D_FILE_OFFSET_BITS=64 -D_LARGE_FILE  -D_LARGEFILE_SOURCE -D_LARGEFILE64_SOURCE -DTAIR_DEBUG   conftest.cpp conftstm.o >&5
configure:6078: $? = 0
configure:6116: result: ok
configure:6925: checking how to run the C preprocessor
configure:6956: gcc -E  conftest.c
configure:6956: $? = 0
configure:6970: gcc -E  conftest.c
conftest.c:11:28: fatal error: ac_nonexistent.h: No such file or directory
compilation terminated.
configure:6970: $? = 1
configure: failed program was:
| /* confdefs.h */
| #define PACKAGE_NAME "tair"
| #define PACKAGE_TARNAME "tair"
| #define PACKAGE_VERSION "2.3"
| #define PACKAGE_STRING "tair 2.3"
| #define PACKAGE_BUGREPORT "ruohai@taobao.com"
| #define PACKAGE_URL ""
| #define PACKAGE "tair"
| #define VERSION "2.3"
| /* end confdefs.h.  */
| #include <ac_nonexistent.h>
configure:6995: result: gcc -E
configure:7015: gcc -E  conftest.c
configure:7015: $? = 0
configure:7029: gcc -E  conftest.c
conftest.c:11:28: fatal error: ac_nonexistent.h: No such file or directory
compilation terminated.
configure:7029: $? = 1
configure: failed program was:
| /* confdefs.h */
| #define PACKAGE_NAME "tair"
| #define PACKAGE_TARNAME "tair"
| #define PACKAGE_VERSION "2.3"
| #define PACKAGE_STRING "tair 2.3"
| #define PACKAGE_BUGREPORT "ruohai@taobao.com"
| #define PACKAGE_URL ""
| #define PACKAGE "tair"
| #define VERSION "2.3"
| /* end confdefs.h.  */
| #include <ac_nonexistent.h>
configure:7058: checking for ANSI C header files
configure:7078: gcc -c -g -O2  conftest.c >&5
configure:7078: $? = 0
configure:7151: gcc -o conftest -g -O2   conftest.c  >&5
configure:7151: $? = 0
configure:7151: ./conftest
configure:7151: $? = 0
configure:7162: result: yes
configure:7175: checking for sys/types.h
configure:7175: gcc -c -g -O2  conftest.c >&5
configure:7175: $? = 0
configure:7175: result: yes
configure:7175: checking for sys/stat.h
configure:7175: gcc -c -g -O2  conftest.c >&5
configure:7175: $? = 0
configure:7175: result: yes
configure:7175: checking for stdlib.h
configure:7175: gcc -c -g -O2  conftest.c >&5
configure:7175: $? = 0
configure:7175: result: yes
configure:7175: checking for string.h
configure:7175: gcc -c -g -O2  conftest.c >&5
configure:7175: $? = 0
configure:7175: result: yes
configure:7175: checking for memory.h
configure:7175: gcc -c -g -O2  conftest.c >&5
configure:7175: $? = 0
configure:7175: result: yes
configure:7175: checking for strings.h
configure:7175: gcc -c -g -O2  conftest.c >&5
configure:7175: $? = 0
configure:7175: result: yes
configure:7175: checking for inttypes.h
configure:7175: gcc -c -g -O2  conftest.c >&5
configure:7175: $? = 0
configure:7175: result: yes
configure:7175: checking for stdint.h
configure:7175: gcc -c -g -O2  conftest.c >&5
configure:7175: $? = 0
configure:7175: result: yes
configure:7175: checking for unistd.h
configure:7175: gcc -c -g -O2  conftest.c >&5
configure:7175: $? = 0
configure:7175: result: yes
configure:7189: checking for dlfcn.h
configure:7189: gcc -c -g -O2  conftest.c >&5
configure:7189: $? = 0
configure:7189: result: yes
configure:7314: checking for C++ compiler version
configure:7323: g++ --version >&5
g++ (Ubuntu/Linaro 4.5.2-8ubuntu4) 4.5.2
Copyright (C) 2010 Free Software Foundation, Inc.
This is free software; see the source for copying conditions.  There is NO
warranty; not even for MERCHANTABILITY or FITNESS FOR A PARTICULAR PURPOSE.

configure:7334: $? = 0
configure:7323: g++ -v >&5
Using built-in specs.
COLLECT_GCC=g++
COLLECT_LTO_WRAPPER=/usr/lib/i386-linux-gnu/gcc/i686-linux-gnu/4.5.2/lto-wrapper
Target: i686-linux-gnu
Configured with: ../src/configure -v --with-pkgversion='Ubuntu/Linaro 4.5.2-8ubuntu4' --with-bugurl=file:///usr/share/doc/gcc-4.5/README.Bugs --enable-languages=c,c++,fortran,objc,obj-c++ --prefix=/usr --program-suffix=-4.5 --enable-shared --enable-multiarch --with-multiarch-defaults=i386-linux-gnu --enable-linker-build-id --with-system-zlib --libexecdir=/usr/lib/i386-linux-gnu --without-included-gettext --enable-threads=posix --with-gxx-include-dir=/usr/include/c++/4.5 --libdir=/usr/lib/i386-linux-gnu --enable-nls --with-sysroot=/ --enable-clocale=gnu --enable-libstdcxx-debug --enable-libstdcxx-time=yes --enable-plugin --enable-gold --enable-ld=default --with-plugin-ld=ld.gold --enable-objc-gc --enable-targets=all --disable-werror --with-arch-32=i686 --with-tune=generic --enable-checking=release --build=i686-linux-gnu --host=i686-linux-gnu --target=i686-linux-gnu
Thread model: posix
gcc version 4.5.2 (Ubuntu/Linaro 4.5.2-8ubuntu4) 
configure:7334: $? = 0
configure:7323: g++ -V >&5
g++: '-V' option must have argument
configure:7334: $? = 1
configure:7323: g++ -qversion >&5
g++: unrecognized option '-qversion'
g++: no input files
configure:7334: $? = 1
configure:7338: checking whether we are using the GNU C++ compiler
configure:7366: result: yes
configure:7375: checking whether g++ accepts -g
configure:7436: result: yes
configure:7461: checking dependency style of g++
configure:7571: result: gcc3
configure:7594: checking how to run the C++ preprocessor
configure:7621: g++ -E  conftest.cpp
configure:7621: $? = 0
configure:7635: g++ -E  conftest.cpp
conftest.cpp:22:28: fatal error: ac_nonexistent.h: No such file or directory
compilation terminated.
configure:7635: $? = 1
configure: failed program was:
| /* confdefs.h */
| #define PACKAGE_NAME "tair"
| #define PACKAGE_TARNAME "tair"
| #define PACKAGE_VERSION "2.3"
| #define PACKAGE_STRING "tair 2.3"
| #define PACKAGE_BUGREPORT "ruohai@taobao.com"
| #define PACKAGE_URL ""
| #define PACKAGE "tair"
| #define VERSION "2.3"
| #define STDC_HEADERS 1
| #define HAVE_SYS_TYPES_H 1
| #define HAVE_SYS_STAT_H 1
| #define HAVE_STDLIB_H 1
| #define HAVE_STRING_H 1
| #define HAVE_MEMORY_H 1
| #define HAVE_STRINGS_H 1
| #define HAVE_INTTYPES_H 1
| #define HAVE_STDINT_H 1
| #define HAVE_UNISTD_H 1
| #define HAVE_DLFCN_H 1
| /* end confdefs.h.  */
| #include <ac_nonexistent.h>
configure:7660: result: g++ -E
configure:7680: g++ -E  conftest.cpp
configure:7680: $? = 0
configure:7694: g++ -E  conftest.cpp
conftest.cpp:22:28: fatal error: ac_nonexistent.h: No such file or directory
compilation terminated.
configure:7694: $? = 1
configure: failed program was:
| /* confdefs.h */
| #define PACKAGE_NAME "tair"
| #define PACKAGE_TARNAME "tair"
| #define PACKAGE_VERSION "2.3"
| #define PACKAGE_STRING "tair 2.3"
| #define PACKAGE_BUGREPORT "ruohai@taobao.com"
| #define PACKAGE_URL ""
| #define PACKAGE "tair"
| #define VERSION "2.3"
| #define STDC_HEADERS 1
| #define HAVE_SYS_TYPES_H 1
| #define HAVE_SYS_STAT_H 1
| #define HAVE_STDLIB_H 1
| #define HAVE_STRING_H 1
| #define HAVE_MEMORY_H 1
| #define HAVE_STRINGS_H 1
| #define HAVE_INTTYPES_H 1
| #define HAVE_STDINT_H 1
| #define HAVE_UNISTD_H 1
| #define HAVE_DLFCN_H 1
| /* end confdefs.h.  */
| #include <ac_nonexistent.h>
configure:7900: checking for objdir
configure:7915: result: .libs
configure:8207: checking if gcc supports -fno-rtti -fno-exceptions
configure:8225: gcc -c -g -O2  -fno-rtti -fno-exceptions conftest.c >&5
cc1: warning: command line option "-fno-rtti" is valid for C++/ObjC++ but not for C
configure:8229: $? = 0
configure:8242: result: no
configure:8262: checking for gcc option to produce PIC
configure:8534: result: -fPIC -DPIC
configure:8546: checking if gcc PIC flag -fPIC -DPIC works
configure:8564: gcc -c -g -O2  -fPIC -DPIC -DPIC conftest.c >&5
configure:8568: $? = 0
configure:8581: result: yes
configure:8605: checking if gcc static flag -static works
configure:8633: result: yes
configure:8648: checking if gcc supports -c -o file.o
configure:8669: gcc -c -g -O2  -o out/conftest2.o conftest.c >&5
configure:8673: $? = 0
configure:8695: result: yes
configure:8703: checking if gcc supports -c -o file.o
configure:8750: result: yes
configure:8783: checking whether the gcc linker (/usr/bin/ld) supports shared libraries
configure:9774: result: yes
configure:9811: checking whether -lc should be explicitly linked in
configure:9816: gcc -c -g -O2  conftest.c >&5
configure:9819: $? = 0
configure:9834: gcc -shared conftest.o  -v -Wl,-soname -Wl,conftest -o conftest 2\>\&1 \| /bin/grep  -lc  \>/dev/null 2\>\&1
configure:9837: $? = 0
configure:9849: result: no
configure:10013: checking dynamic linker characteristics
configure:10446: gcc -o conftest -g -O2   -Wl,-rpath -Wl,/foo conftest.c  >&5
configure:10446: $? = 0
configure:10676: result: GNU/Linux ld.so
configure:10778: checking how to hardcode library paths into programs
configure:10803: result: immediate
configure:11323: checking whether stripping libraries is possible
configure:11328: result: yes
configure:11363: checking if libtool supports shared libraries
configure:11365: result: yes
configure:11368: checking whether to build shared libraries
configure:11389: result: yes
configure:11392: checking whether to build static libraries
configure:11396: result: yes
configure:11546: checking for ld used by g++
configure:11613: result: /usr/bin/ld
configure:11620: checking if the linker (/usr/bin/ld) is GNU ld
configure:11635: result: yes
configure:11690: checking whether the g++ linker (/usr/bin/ld) supports shared libraries
configure:12603: result: yes
configure:12631: g++ -c -g -Wall -DBOOST_SPIRIT_THREADSAFE -D__USE_LARGEFILE64 -D_FILE_OFFSET_BITS=64 -D_LARGE_FILE  -D_LARGEFILE_SOURCE -D_LARGEFILE64_SOURCE -DTAIR_DEBUG  conftest.cpp >&5
configure:12634: $? = 0
configure:12816: checking for g++ option to produce PIC
configure:13133: result: -fPIC -DPIC
configure:13142: checking if g++ PIC flag -fPIC -DPIC works
configure:13160: g++ -c -g -Wall -DBOOST_SPIRIT_THREADSAFE -D__USE_LARGEFILE64 -D_FILE_OFFSET_BITS=64 -D_LARGE_FILE  -D_LARGEFILE_SOURCE -D_LARGEFILE64_SOURCE -DTAIR_DEBUG  -fPIC -DPIC -DPIC conftest.cpp >&5
configure:13164: $? = 0
configure:13177: result: yes
configure:13198: checking if g++ static flag -static works
configure:13226: result: yes
configure:13238: checking if g++ supports -c -o file.o
configure:13259: g++ -c -g -Wall -DBOOST_SPIRIT_THREADSAFE -D__USE_LARGEFILE64 -D_FILE_OFFSET_BITS=64 -D_LARGE_FILE  -D_LARGEFILE_SOURCE -D_LARGEFILE64_SOURCE -DTAIR_DEBUG  -o out/conftest2.o conftest.cpp >&5
configure:13263: $? = 0
configure:13285: result: yes
configure:13290: checking if g++ supports -c -o file.o
configure:13337: result: yes
configure:13367: checking whether the g++ linker (/usr/bin/ld) supports shared libraries
configure:13396: result: yes
configure:13533: checking dynamic linker characteristics
configure:13914: g++ -o conftest -g -Wall -DBOOST_SPIRIT_THREADSAFE -D__USE_LARGEFILE64 -D_FILE_OFFSET_BITS=64 -D_LARGE_FILE  -D_LARGEFILE_SOURCE -D_LARGEFILE64_SOURCE -DTAIR_DEBUG   -Wl,-rpath -Wl,/foo conftest.cpp  >&5
configure:13914: $? = 0
configure:14144: result: GNU/Linux ld.so
configure:14195: checking how to hardcode library paths into programs
configure:14220: result: immediate
configure:14278: checking variable TBLIB_ROOT
configure:14281: result: yes
configure:14350: checking for boostlib >= 1.30.0
configure:14401: g++ -c -g -Wall -DBOOST_SPIRIT_THREADSAFE -D__USE_LARGEFILE64 -D_FILE_OFFSET_BITS=64 -D_LARGE_FILE  -D_LARGEFILE_SOURCE -D_LARGEFILE64_SOURCE -DTAIR_DEBUG  -I/usr/include conftest.cpp >&5
configure:14401: $? = 0
configure:14403: result: yes
configure:14533: checking whether the Boost::Filesystem library is available
configure:14557: g++ -c -g -Wall -DBOOST_SPIRIT_THREADSAFE -D__USE_LARGEFILE64 -D_FILE_OFFSET_BITS=64 -D_LARGE_FILE  -D_LARGEFILE_SOURCE -D_LARGEFILE64_SOURCE -DTAIR_DEBUG  -I/usr/include conftest.cpp >&5
configure:14557: $? = 0
configure:14571: result: yes
configure:14582: checking for main in -lboost_filesystem
configure:14601: g++ -o conftest -g -Wall -DBOOST_SPIRIT_THREADSAFE -D__USE_LARGEFILE64 -D_FILE_OFFSET_BITS=64 -D_LARGE_FILE  -D_LARGEFILE_SOURCE -D_LARGEFILE64_SOURCE -DTAIR_DEBUG  -I/usr/include  -L/usr/lib conftest.cpp -lboost_filesystem   >&5
configure:14601: $? = 0
configure:14611: result: yes
configure:14626: checking whether the Boost::Program_Options library is available
configure:14649: g++ -c -g -Wall -DBOOST_SPIRIT_THREADSAFE -D__USE_LARGEFILE64 -D_FILE_OFFSET_BITS=64 -D_LARGE_FILE  -D_LARGEFILE_SOURCE -D_LARGEFILE64_SOURCE -DTAIR_DEBUG  -I/usr/include conftest.cpp >&5
configure:14649: $? = 0
configure:14663: result: yes
configure:14674: checking for main in -lboost_program_options
configure:14693: g++ -o conftest -g -Wall -DBOOST_SPIRIT_THREADSAFE -D__USE_LARGEFILE64 -D_FILE_OFFSET_BITS=64 -D_LARGE_FILE  -D_LARGEFILE_SOURCE -D_LARGEFILE64_SOURCE -DTAIR_DEBUG  -I/usr/include  -L/usr/lib conftest.cpp -lboost_program_options   >&5
configure:14693: $? = 0
configure:14703: result: yes
configure:14718: checking whether the Boost::Thread library is available
configure:14750: g++ -c -pthread -g -Wall -DBOOST_SPIRIT_THREADSAFE -D__USE_LARGEFILE64 -D_FILE_OFFSET_BITS=64 -D_LARGE_FILE  -D_LARGEFILE_SOURCE -D_LARGEFILE64_SOURCE -DTAIR_DEBUG  -I/usr/include conftest.cpp >&5
configure:14750: $? = 0
configure:14765: result: yes
configure:14785: checking for main in -lboost_thread
configure:14804: g++ -o conftest -g -Wall -DBOOST_SPIRIT_THREADSAFE -D__USE_LARGEFILE64 -D_FILE_OFFSET_BITS=64 -D_LARGE_FILE  -D_LARGEFILE_SOURCE -D_LARGEFILE64_SOURCE -DTAIR_DEBUG  -I/usr/include  -L/usr/lib conftest.cpp -lboost_thread   >&5
configure:14804: $? = 0
configure:14814: result: yes
configure:14829: checking whether the Boost::IOStreams library is available
configure:14857: g++ -c -g -Wall -DBOOST_SPIRIT_THREADSAFE -D__USE_LARGEFILE64 -D_FILE_OFFSET_BITS=64 -D_LARGE_FILE  -D_LARGEFILE_SOURCE -D_LARGEFILE64_SOURCE -DTAIR_DEBUG  -I/usr/include conftest.cpp >&5
configure:14857: $? = 0
configure:14871: result: yes
configure:14882: checking for main in -lboost_iostreams
configure:14901: g++ -o conftest -g -Wall -DBOOST_SPIRIT_THREADSAFE -D__USE_LARGEFILE64 -D_FILE_OFFSET_BITS=64 -D_LARGE_FILE  -D_LARGEFILE_SOURCE -D_LARGEFILE64_SOURCE -DTAIR_DEBUG  -I/usr/include  -L/usr/lib conftest.cpp -lboost_iostreams   >&5
configure:14901: $? = 0
configure:14911: result: yes
configure:14926: checking whether the Boost::Serialization library is available
configure:14954: g++ -c -g -Wall -DBOOST_SPIRIT_THREADSAFE -D__USE_LARGEFILE64 -D_FILE_OFFSET_BITS=64 -D_LARGE_FILE  -D_LARGEFILE_SOURCE -D_LARGEFILE64_SOURCE -DTAIR_DEBUG  -I/usr/include conftest.cpp >&5
configure:14954: $? = 0
configure:14968: result: yes
configure:14979: checking for main in -lboost_serialization
configure:14998: g++ -o conftest -g -Wall -DBOOST_SPIRIT_THREADSAFE -D__USE_LARGEFILE64 -D_FILE_OFFSET_BITS=64 -D_LARGE_FILE  -D_LARGEFILE_SOURCE -D_LARGEFILE64_SOURCE -DTAIR_DEBUG  -I/usr/include  -L/usr/lib conftest.cpp -lboost_serialization   >&5
configure:14998: $? = 0
configure:15008: result: yes
configure:15027: checking for main in -lboost_wserialization
configure:15046: g++ -o conftest -g -Wall -DBOOST_SPIRIT_THREADSAFE -D__USE_LARGEFILE64 -D_FILE_OFFSET_BITS=64 -D_LARGE_FILE  -D_LARGEFILE_SOURCE -D_LARGEFILE64_SOURCE -DTAIR_DEBUG  -I/usr/include  -L/usr/lib conftest.cpp -lboost_wserialization   >&5
configure:15046: $? = 0
configure:15056: result: yes
configure:15071: checking whether the Boost::Signals library is available
configure:15096: g++ -c -g -Wall -DBOOST_SPIRIT_THREADSAFE -D__USE_LARGEFILE64 -D_FILE_OFFSET_BITS=64 -D_LARGE_FILE  -D_LARGEFILE_SOURCE -D_LARGEFILE64_SOURCE -DTAIR_DEBUG  -I/usr/include conftest.cpp >&5
configure:15096: $? = 0
configure:15110: result: yes
configure:15121: checking for main in -lboost_signals
configure:15140: g++ -o conftest -g -Wall -DBOOST_SPIRIT_THREADSAFE -D__USE_LARGEFILE64 -D_FILE_OFFSET_BITS=64 -D_LARGE_FILE  -D_LARGEFILE_SOURCE -D_LARGEFILE64_SOURCE -DTAIR_DEBUG  -I/usr/include  -L/usr/lib conftest.cpp -lboost_signals   >&5
configure:15140: $? = 0
configure:15150: result: yes
configure:15165: checking whether the Boost::Date_Time library is available
configure:15190: g++ -c -g -Wall -DBOOST_SPIRIT_THREADSAFE -D__USE_LARGEFILE64 -D_FILE_OFFSET_BITS=64 -D_LARGE_FILE  -D_LARGEFILE_SOURCE -D_LARGEFILE64_SOURCE -DTAIR_DEBUG  -I/usr/include conftest.cpp >&5
configure:15190: $? = 0
configure:15204: result: yes
configure:15215: checking for main in -lboost_date_time
configure:15234: g++ -o conftest -g -Wall -DBOOST_SPIRIT_THREADSAFE -D__USE_LARGEFILE64 -D_FILE_OFFSET_BITS=64 -D_LARGE_FILE  -D_LARGEFILE_SOURCE -D_LARGEFILE64_SOURCE -DTAIR_DEBUG  -I/usr/include  -L/usr/lib conftest.cpp -lboost_date_time   >&5
configure:15234: $? = 0
configure:15244: result: yes
configure:15259: checking whether the Boost::Regex library is available
configure:15282: g++ -c -g -Wall -DBOOST_SPIRIT_THREADSAFE -D__USE_LARGEFILE64 -D_FILE_OFFSET_BITS=64 -D_LARGE_FILE  -D_LARGEFILE_SOURCE -D_LARGEFILE64_SOURCE -DTAIR_DEBUG  -I/usr/include conftest.cpp >&5
configure:15282: $? = 0
configure:15296: result: yes
configure:15307: checking for main in -lboost_regex
configure:15326: g++ -o conftest -g -Wall -DBOOST_SPIRIT_THREADSAFE -D__USE_LARGEFILE64 -D_FILE_OFFSET_BITS=64 -D_LARGE_FILE  -D_LARGEFILE_SOURCE -D_LARGEFILE64_SOURCE -DTAIR_DEBUG  -I/usr/include  -L/usr/lib conftest.cpp -lboost_regex   >&5
configure:15326: $? = 0
configure:15336: result: yes
configure:15351: checking whether the Boost::UnitTestFramework library is available
configure:15374: g++ -c -g -Wall -DBOOST_SPIRIT_THREADSAFE -D__USE_LARGEFILE64 -D_FILE_OFFSET_BITS=64 -D_LARGE_FILE  -D_LARGEFILE_SOURCE -D_LARGEFILE64_SOURCE -DTAIR_DEBUG  -I/usr/include conftest.cpp >&5
conftest.cpp: In function 'int main()':
conftest.cpp:37:35: warning: unused variable 'test'
configure:15374: $? = 0
configure:15388: result: yes
configure:15400: checking the name of the Boost::UnitTestFramework library
configure:15428: g++ -o conftest -g -Wall -DBOOST_SPIRIT_THREADSAFE -D__USE_LARGEFILE64 -D_FILE_OFFSET_BITS=64 -D_LARGE_FILE  -D_LARGEFILE_SOURCE -D_LARGEFILE64_SOURCE -DTAIR_DEBUG  -I/usr/include  -L/usr/lib -lboost_unit_test_framework conftest.cpp  >&5
configure:15428: $? = 0
configure:15443: result: 
configure:15635: creating ./config.status

## ---------------------- ##
## Running config.status. ##
## ---------------------- ##

This file was extended by tair config.status 2.3, which was
generated by GNU Autoconf 2.67.  Invocation command line was

  CONFIG_FILES    = 
  CONFIG_HEADERS  = 
  CONFIG_LINKS    = 
  CONFIG_COMMANDS = 
  $ ./config.status 

on ubuntu

config.status:1087: creating Makefile
config.status:1087: creating src/Makefile
config.status:1087: creating src/common/Makefile
config.status:1087: creating src/plugin/Makefile
config.status:1087: creating src/storage/Makefile
config.status:1087: creating src/storage/fdb/Makefile
config.status:1087: creating src/storage/mdb/Makefile
config.status:1087: creating src/storage/kdb/Makefile
config.status:1087: creating src/storage/kdb/kyotocabinet/Makefile
config.status:1087: creating src/packets/Makefile
config.status:1087: creating src/configserver/Makefile
config.status:1087: creating src/dataserver/Makefile
config.status:1087: creating src/client/Makefile
config.status:1087: creating test/Makefile
config.status:1087: creating test/interface_test/Makefile
config.status:1087: creating scripts/Makefile
config.status:1087: creating share/Makefile
config.status:1258: executing depfiles commands
config.status:1258: executing libtool commands

## ---------------- ##
## Cache variables. ##
## ---------------- ##

ac_cv_build=i686-pc-linux-gnu
ac_cv_c_compiler_gnu=yes
ac_cv_cxx_compiler_gnu=yes
ac_cv_env_CCC_set=
ac_cv_env_CCC_value=
ac_cv_env_CC_set=
ac_cv_env_CC_value=
ac_cv_env_CFLAGS_set=
ac_cv_env_CFLAGS_value=
ac_cv_env_CPPFLAGS_set=
ac_cv_env_CPPFLAGS_value=
ac_cv_env_CPP_set=
ac_cv_env_CPP_value=
ac_cv_env_CXXCPP_set=
ac_cv_env_CXXCPP_value=
ac_cv_env_CXXFLAGS_set=
ac_cv_env_CXXFLAGS_value=
ac_cv_env_CXX_set=
ac_cv_env_CXX_value=
ac_cv_env_LDFLAGS_set=
ac_cv_env_LDFLAGS_value=
ac_cv_env_LIBS_set=
ac_cv_env_LIBS_value=
ac_cv_env_build_alias_set=
ac_cv_env_build_alias_value=
ac_cv_env_host_alias_set=
ac_cv_env_host_alias_value=
ac_cv_env_target_alias_set=
ac_cv_env_target_alias_value=
ac_cv_header_dlfcn_h=yes
ac_cv_header_inttypes_h=yes
ac_cv_header_memory_h=yes
ac_cv_header_stdc=yes
ac_cv_header_stdint_h=yes
ac_cv_header_stdlib_h=yes
ac_cv_header_string_h=yes
ac_cv_header_strings_h=yes
ac_cv_header_sys_stat_h=yes
ac_cv_header_sys_types_h=yes
ac_cv_header_unistd_h=yes
ac_cv_host=i686-pc-linux-gnu
ac_cv_lib_boost_date_time___main=yes
ac_cv_lib_boost_filesystem___main=yes
ac_cv_lib_boost_iostreams___main=yes
ac_cv_lib_boost_program_options___main=yes
ac_cv_lib_boost_regex___main=yes
ac_cv_lib_boost_serialization___main=yes
ac_cv_lib_boost_signals___main=yes
ac_cv_lib_boost_thread___main=yes
ac_cv_lib_boost_wserialization___main=yes
ac_cv_objext=o
ac_cv_path_EGREP='/bin/grep -E'
ac_cv_path_FGREP='/bin/grep -F'
ac_cv_path_GREP=/bin/grep
ac_cv_path_SED=/bin/sed
ac_cv_path_install='/usr/bin/install -c'
ac_cv_path_mkdir=/bin/mkdir
ac_cv_prog_AWK=mawk
ac_cv_prog_CPP='gcc -E'
ac_cv_prog_CXXCPP='g++ -E'
ac_cv_prog_ac_ct_AR=ar
ac_cv_prog_ac_ct_CC=gcc
ac_cv_prog_ac_ct_CXX=g++
ac_cv_prog_ac_ct_OBJDUMP=objdump
ac_cv_prog_ac_ct_RANLIB=ranlib
ac_cv_prog_ac_ct_STRIP=strip
ac_cv_prog_cc_c89=
ac_cv_prog_cc_g=yes
ac_cv_prog_cxx_g=yes
ac_cv_prog_make_make_set=yes
am_cv_CC_dependencies_compiler_type=gcc3
am_cv_CXX_dependencies_compiler_type=gcc3
ax_cv_boost_date_time=yes
ax_cv_boost_filesystem=yes
ax_cv_boost_iostreams=yes
ax_cv_boost_program_options=yes
ax_cv_boost_regex=yes
ax_cv_boost_serialization=yes
ax_cv_boost_signals=yes
ax_cv_boost_thread=yes
ax_cv_boost_unit_test_framework=yes
lt_cv_deplibs_check_method=pass_all
lt_cv_file_magic_cmd='$MAGIC_CMD'
lt_cv_file_magic_test_file=
lt_cv_ld_reload_flag=-r
lt_cv_nm_interface='BSD nm'
lt_cv_objdir=.libs
lt_cv_path_LD=/usr/bin/ld
lt_cv_path_LDCXX=/usr/bin/ld
lt_cv_path_NM='/usr/bin/nm -B'
lt_cv_prog_compiler_c_o=yes
lt_cv_prog_compiler_c_o_CXX=yes
lt_cv_prog_compiler_pic_works=yes
lt_cv_prog_compiler_pic_works_CXX=yes
lt_cv_prog_compiler_rtti_exceptions=no
lt_cv_prog_compiler_static_works=yes
lt_cv_prog_compiler_static_works_CXX=yes
lt_cv_prog_gnu_ld=yes
lt_cv_prog_gnu_ldcxx=yes
lt_cv_sys_global_symbol_pipe='sed -n -e '\''s/^.*[	 ]\([ABCDGIRSTW][ABCDGIRSTW]*\)[	 ][	 ]*\([_A-Za-z][_A-Za-z0-9]*\)$/\1 \2 \2/p'\'''
lt_cv_sys_global_symbol_to_c_name_address='sed -n -e '\''s/^: \([^ ]*\) $/  {\"\1\", (void *) 0},/p'\'' -e '\''s/^[ABCDGIRSTW]* \([^ ]*\) \([^ ]*\)$/  {"\2", (void *) \&\2},/p'\'''
lt_cv_sys_global_symbol_to_c_name_address_lib_prefix='sed -n -e '\''s/^: \([^ ]*\) $/  {\"\1\", (void *) 0},/p'\'' -e '\''s/^[ABCDGIRSTW]* \([^ ]*\) \(lib[^ ]*\)$/  {"\2", (void *) \&\2},/p'\'' -e '\''s/^[ABCDGIRSTW]* \([^ ]*\) \([^ ]*\)$/  {"lib\2", (void *) \&\2},/p'\'''
lt_cv_sys_global_symbol_to_cdecl='sed -n -e '\''s/^T .* \(.*\)$/extern int \1();/p'\'' -e '\''s/^[ABCDGIRSTW]* .* \(.*\)$/extern char \1;/p'\'''
lt_cv_sys_max_cmd_len=1572864

## ----------------- ##
## Output variables. ##
## ----------------- ##

ACLOCAL='${SHELL} /home/brian/tair/missing --run aclocal-1.11'
AMDEPBACKSLASH='\'
AMDEP_FALSE='#'
AMDEP_TRUE=''
AMTAR='${SHELL} /home/brian/tair/missing --run tar'
AR='ar'
AUTOCONF='${SHELL} /home/brian/tair/missing --run autoconf'
AUTOHEADER='${SHELL} /home/brian/tair/missing --run autoheader'
AUTOMAKE='${SHELL} /home/brian/tair/missing --run automake-1.11'
AWK='mawk'
BOOST_CPPFLAGS='-pthread -I/usr/include'
BOOST_DATE_TIME_LIB='-lboost_date_time'
BOOST_FILESYSTEM_LIB='-lboost_filesystem'
BOOST_IOSTREAMS_LIB='-lboost_iostreams'
BOOST_LDFLAGS='-L/usr/lib'
BOOST_PROGRAM_OPTIONS_LIB='-lboost_program_options'
BOOST_REGEX_LIB='-lboost_regex'
BOOST_SERIALIZATION_LIB='-lboost_serialization'
BOOST_SIGNALS_LIB='-lboost_signals'
BOOST_THREAD_LIB='-lboost_thread'
BOOST_UNIT_TEST_FRAMEWORK_LIB='-lboost_unit_test_framework'
BOOST_WSERIALIZATION_LIB='-lboost_wserialization'
CC='gcc'
CCDEPMODE='depmode=gcc3'
CFLAGS='-g -O2'
CPP='gcc -E'
CPPFLAGS=''
CXX='g++'
CXXCPP='g++ -E'
CXXDEPMODE='depmode=gcc3'
CXXFLAGS='-g -Wall -DBOOST_SPIRIT_THREADSAFE -D__USE_LARGEFILE64 -D_FILE_OFFSET_BITS=64 -D_LARGE_FILE  -D_LARGEFILE_SOURCE -D_LARGEFILE64_SOURCE -DTAIR_DEBUG'
CYGPATH_W='echo'
DEFS='-DPACKAGE_NAME=\"tair\" -DPACKAGE_TARNAME=\"tair\" -DPACKAGE_VERSION=\"2.3\" -DPACKAGE_STRING=\"tair\ 2.3\" -DPACKAGE_BUGREPORT=\"ruohai@taobao.com\" -DPACKAGE_URL=\"\" -DPACKAGE=\"tair\" -DVERSION=\"2.3\" -DSTDC_HEADERS=1 -DHAVE_SYS_TYPES_H=1 -DHAVE_SYS_STAT_H=1 -DHAVE_STDLIB_H=1 -DHAVE_STRING_H=1 -DHAVE_MEMORY_H=1 -DHAVE_STRINGS_H=1 -DHAVE_INTTYPES_H=1 -DHAVE_STDINT_H=1 -DHAVE_UNISTD_H=1 -DHAVE_DLFCN_H=1 -DLT_OBJDIR=\".libs/\" -DHAVE_BOOST=/\*\*/ -DHAVE_BOOST_FILESYSTEM=/\*\*/ -DHAVE_BOOST_PROGRAM_OPTIONS=/\*\*/ -DHAVE_BOOST_THREAD=/\*\*/ -DHAVE_BOOST_IOSTREAMS=/\*\*/ -DHAVE_BOOST_SERIALIZATION=/\*\*/ -DHAVE_BOOST_SIGNALS=/\*\*/ -DHAVE_BOOST_DATE_TIME=/\*\*/ -DHAVE_BOOST_REGEX=/\*\*/ -DHAVE_BOOST_UNIT_TEST_FRAMEWORK=/\*\*/'
DEPDIR='.deps'
DSYMUTIL=''
DUMPBIN=''
ECHO_C=''
ECHO_N='-n'
ECHO_T=''
EGREP='/bin/grep -E'
EXEEXT=''
FGREP='/bin/grep -F'
GCOV_LIB=''
GREP='/bin/grep'
INSTALL_DATA='${INSTALL} -m 644'
INSTALL_PROGRAM='${INSTALL}'
INSTALL_SCRIPT='${INSTALL}'
INSTALL_STRIP_PROGRAM='$(install_sh) -c -s'
LD='/usr/bin/ld'
LDFLAGS=''
LIBOBJS=''
LIBS=''
LIBTOOL='$(SHELL) $(top_builddir)/libtool'
LIPO=''
LN_S='ln -s'
LTLIBOBJS=''
MAKEINFO='${SHELL} /home/brian/tair/missing --run makeinfo'
MKDIR_P='/bin/mkdir -p'
NM='/usr/bin/nm -B'
NMEDIT=''
OBJDUMP='objdump'
OBJEXT='o'
OTOOL64=''
OTOOL=''
PACKAGE='tair'
PACKAGE_BUGREPORT='ruohai@taobao.com'
PACKAGE_NAME='tair'
PACKAGE_STRING='tair 2.3'
PACKAGE_TARNAME='tair'
PACKAGE_URL=''
PACKAGE_VERSION='2.3'
PATH_SEPARATOR=':'
RANLIB='ranlib'
SED='/bin/sed'
SET_MAKE=''
SHELL='/bin/bash'
STRIP='strip'
TEST_OPT_FALSE=''
TEST_OPT_TRUE='#'
VERSION='2.3'
WITH_KDB_FALSE=''
WITH_KDB_TRUE='#'
ac_ct_CC='gcc'
ac_ct_CXX='g++'
ac_ct_DUMPBIN=''
am__EXEEXT_FALSE=''
am__EXEEXT_TRUE='#'
am__fastdepCC_FALSE='#'
am__fastdepCC_TRUE=''
am__fastdepCXX_FALSE='#'
am__fastdepCXX_TRUE=''
am__include='include'
am__isrc=''
am__leading_dot='.'
am__quote=''
am__tar='${AMTAR} chof - "$$tardir"'
am__untar='${AMTAR} xf -'
bindir='${exec_prefix}/bin'
build='i686-pc-linux-gnu'
build_alias=''
build_cpu='i686'
build_os='linux-gnu'
build_vendor='pc'
datadir='${datarootdir}'
datarootdir='${prefix}/share'
docdir='${datarootdir}/doc/${PACKAGE_TARNAME}'
dvidir='${docdir}'
exec_prefix='${prefix}'
host='i686-pc-linux-gnu'
host_alias=''
host_cpu='i686'
host_os='linux-gnu'
host_vendor='pc'
htmldir='${docdir}'
includedir='${prefix}/include'
infodir='${datarootdir}/info'
install_sh='${SHELL} /home/brian/tair/install-sh'
libdir='${exec_prefix}/lib'
libexecdir='${exec_prefix}/libexec'
localedir='${datarootdir}/locale'
localstatedir='${prefix}/var'
lt_ECHO='echo'
mandir='${datarootdir}/man'
mkdir_p='/bin/mkdir -p'
oldincludedir='/usr/include'
pdfdir='${docdir}'
prefix='/home/brian/tair_bin'
program_transform_name='s,x,x,'
psdir='${docdir}'
sbindir='${exec_prefix}/sbin'
sharedstatedir='${prefix}/com'
sysconfdir='${prefix}/etc'
target_alias=''

## ----------- ##
## confdefs.h. ##
## ----------- ##

/* confdefs.h */
#define PACKAGE_NAME "tair"
#define PACKAGE_TARNAME "tair"
#define PACKAGE_VERSION "2.3"
#define PACKAGE_STRING "tair 2.3"
#define PACKAGE_BUGREPORT "ruohai@taobao.com"
#define PACKAGE_URL ""
#define PACKAGE "tair"
#define VERSION "2.3"
#define STDC_HEADERS 1
#define HAVE_SYS_TYPES_H 1
#define HAVE_SYS_STAT_H 1
#define HAVE_STDLIB_H 1
#define HAVE_STRING_H 1
#define HAVE_MEMORY_H 1
#define HAVE_STRINGS_H 1
#define HAVE_INTTYPES_H 1
#define HAVE_STDINT_H 1
#define HAVE_UNISTD_H 1
#define HAVE_DLFCN_H 1
#define LT_OBJDIR ".libs/"
#define HAVE_BOOST /**/
#define HAVE_BOOST_FILESYSTEM /**/
#define HAVE_BOOST_PROGRAM_OPTIONS /**/
#define HAVE_BOOST_THREAD /**/
#define HAVE_BOOST_IOSTREAMS /**/
#define HAVE_BOOST_SERIALIZATION /**/
#define HAVE_BOOST_SIGNALS /**/
#define HAVE_BOOST_DATE_TIME /**/
#define HAVE_BOOST_REGEX /**/
#define HAVE_BOOST_UNIT_TEST_FRAMEWORK /**/

configure: exit 0
